<?xml version="1.0" encoding="UTF-8"?>
<!-- Generated by org.testng.reporters.JUnitReportReporter -->
<testsuite hostname="DESKTOP-CLQ02AU" failures="0" tests="4" name="com.bjs.testng.Testng" time="0.035" errors="0" timestamp="2023-10-18T16:41:54 IST" skipped="0">
  <testcase classname="com.bjs.testng.Testng" name="a" time="0.016"/>
  <testcase classname="com.bjs.testng.Testng" name="c" time="0.008"/>
  <testcase classname="com.bjs.testng.Testng" name="b" time="0.005"/>
  <testcase classname="com.bjs.testng.Testng" name="d" time="0.006"/>
</testsuite> <!-- com.bjs.testng.Testng -->
